<testsuites id="" name="" tests="10" failures="10" skipped="0" errors="0" time="46.366364000000004">
<testsuite name="multiplayer-battle-custom-uid.test.ts" timestamp="2025-09-15T01:39:24.229Z" hostname="chromium" tests="2" failures="2" skipped="0" time="24.111" errors="0">
<testcase name="Multiplayer Battle System with Custom UIDs › Complete multiplayer battle flow with custom UIDs" classname="multiplayer-battle-custom-uid.test.ts" time="12.055">
<failure message="multiplayer-battle-custom-uid.test.ts:178:7 Complete multiplayer battle flow with custom UIDs" type="FAILURE">
<![CDATA[  [chromium] › multiplayer-battle-custom-uid.test.ts:178:7 › Multiplayer Battle System with Custom UIDs › Complete multiplayer battle flow with custom UIDs 

    TimeoutError: page.waitForSelector: Timeout 10000ms exceeded.
    Call log:
      - waiting for locator('[data-testid="auth-modal"]') to be visible


      35 |   
      36 |   // Wait for auth modal to appear
    > 37 |   await page.waitForSelector('[data-testid="auth-modal"]', { timeout: 10000 });
         |              ^
      38 |   
      39 |   // Fill in email and password
      40 |   await page.fill('input[type="email"]', email);
        at authenticateUser (/Users/albertomunoz/Documents/Code/pokemon/src/__tests__/e2e/multiplayer-battle-custom-uid.test.ts:37:14)
        at /Users/albertomunoz/Documents/Code/pokemon/src/__tests__/e2e/multiplayer-battle-custom-uid.test.ts:187:11

    attachment #1: screenshot (image/png) ──────────────────────────────────────────────────────────
    ../../../test-results/multiplayer-battle-custom--3325e-attle-flow-with-custom-UIDs-chromium/test-failed-1.png
    ────────────────────────────────────────────────────────────────────────────────────────────────

    attachment #2: screenshot (image/png) ──────────────────────────────────────────────────────────
    ../../../test-results/multiplayer-battle-custom--3325e-attle-flow-with-custom-UIDs-chromium/test-failed-2.png
    ────────────────────────────────────────────────────────────────────────────────────────────────

    Error Context: ../../../test-results/multiplayer-battle-custom--3325e-attle-flow-with-custom-UIDs-chromium/error-context.md
]]>
</failure>
<system-out>
<![CDATA[🚀 Setting up multiplayer battle test with custom UIDs
🎯 Target UIDs - Host: testbattle1-cli-uid, Guest: testbattle2-cli-uid
🎮 Starting complete multiplayer battle test with custom UIDs

📝 Step 1: Host creates room
HOST NETWORK: 200 http://localhost:3000/_next/static/chunks/node_modules_%40firebase_auth_dist_esm_d3951ae3._.js
HOST: %cDownload the React DevTools for a better development experience: https://react.dev/link/react-devtools font-weight:bold
HOST NETWORK: 200 http://localhost:3000/_next/static/chunks/node_modules_%40firebase_database_dist_index_esm_3663ff2c.js
HOST NETWORK: 200 http://localhost:3000/_next/static/chunks/node_modules_%40firebase_firestore_dist_index_esm_af799df8.js
🔐 Authenticating user: testbattle1@pokemon-battles.test
🧹 Cleaning up multiplayer battle test

[[ATTACHMENT|multiplayer-battle-custom--3325e-attle-flow-with-custom-UIDs-chromium/test-failed-1.png]]

[[ATTACHMENT|multiplayer-battle-custom--3325e-attle-flow-with-custom-UIDs-chromium/test-failed-2.png]]

[[ATTACHMENT|multiplayer-battle-custom--3325e-attle-flow-with-custom-UIDs-chromium/error-context.md]]
]]>
</system-out>
</testcase>
<testcase name="Multiplayer Battle System with Custom UIDs › Test UID verification in different contexts" classname="multiplayer-battle-custom-uid.test.ts" time="12.056">
<failure message="multiplayer-battle-custom-uid.test.ts:424:7 Test UID verification in different contexts" type="FAILURE">
<![CDATA[  [chromium] › multiplayer-battle-custom-uid.test.ts:424:7 › Multiplayer Battle System with Custom UIDs › Test UID verification in different contexts 

    TimeoutError: page.waitForSelector: Timeout 10000ms exceeded.
    Call log:
      - waiting for locator('[data-testid="auth-modal"]') to be visible


      35 |   
      36 |   // Wait for auth modal to appear
    > 37 |   await page.waitForSelector('[data-testid="auth-modal"]', { timeout: 10000 });
         |              ^
      38 |   
      39 |   // Fill in email and password
      40 |   await page.fill('input[type="email"]', email);
        at authenticateUser (/Users/albertomunoz/Documents/Code/pokemon/src/__tests__/e2e/multiplayer-battle-custom-uid.test.ts:37:14)
        at /Users/albertomunoz/Documents/Code/pokemon/src/__tests__/e2e/multiplayer-battle-custom-uid.test.ts:430:11

    attachment #1: screenshot (image/png) ──────────────────────────────────────────────────────────
    ../../../test-results/multiplayer-battle-custom--4ad5a-ation-in-different-contexts-chromium/test-failed-1.png
    ────────────────────────────────────────────────────────────────────────────────────────────────

    attachment #2: screenshot (image/png) ──────────────────────────────────────────────────────────
    ../../../test-results/multiplayer-battle-custom--4ad5a-ation-in-different-contexts-chromium/test-failed-2.png
    ────────────────────────────────────────────────────────────────────────────────────────────────

    Error Context: ../../../test-results/multiplayer-battle-custom--4ad5a-ation-in-different-contexts-chromium/error-context.md
]]>
</failure>
<system-out>
<![CDATA[🚀 Setting up multiplayer battle test with custom UIDs
🎯 Target UIDs - Host: testbattle1-cli-uid, Guest: testbattle2-cli-uid
🔍 Testing UID verification in different contexts
HOST NETWORK: 200 http://localhost:3000/_next/static/chunks/node_modules_%40firebase_auth_dist_esm_d3951ae3._.js
HOST: %cDownload the React DevTools for a better development experience: https://react.dev/link/react-devtools font-weight:bold
HOST NETWORK: 200 http://localhost:3000/_next/static/chunks/node_modules_%40firebase_database_dist_index_esm_3663ff2c.js
HOST NETWORK: 200 http://localhost:3000/_next/static/chunks/node_modules_%40firebase_firestore_dist_index_esm_af799df8.js
🔐 Authenticating user: testbattle1@pokemon-battles.test
🧹 Cleaning up multiplayer battle test

[[ATTACHMENT|multiplayer-battle-custom--4ad5a-ation-in-different-contexts-chromium/test-failed-1.png]]

[[ATTACHMENT|multiplayer-battle-custom--4ad5a-ation-in-different-contexts-chromium/test-failed-2.png]]

[[ATTACHMENT|multiplayer-battle-custom--4ad5a-ation-in-different-contexts-chromium/error-context.md]]
]]>
</system-out>
</testcase>
</testsuite>
<testsuite name="multiplayer-battle-custom-uid.test.ts" timestamp="2025-09-15T01:39:24.229Z" hostname="firefox" tests="2" failures="2" skipped="0" time="24.076" errors="0">
<testcase name="Multiplayer Battle System with Custom UIDs › Complete multiplayer battle flow with custom UIDs" classname="multiplayer-battle-custom-uid.test.ts" time="12.328">
<failure message="multiplayer-battle-custom-uid.test.ts:178:7 Complete multiplayer battle flow with custom UIDs" type="FAILURE">
<![CDATA[  [firefox] › multiplayer-battle-custom-uid.test.ts:178:7 › Multiplayer Battle System with Custom UIDs › Complete multiplayer battle flow with custom UIDs 

    TimeoutError: page.waitForSelector: Timeout 10000ms exceeded.
    Call log:
      - waiting for locator('[data-testid="auth-modal"]') to be visible


      35 |   
      36 |   // Wait for auth modal to appear
    > 37 |   await page.waitForSelector('[data-testid="auth-modal"]', { timeout: 10000 });
         |              ^
      38 |   
      39 |   // Fill in email and password
      40 |   await page.fill('input[type="email"]', email);
        at authenticateUser (/Users/albertomunoz/Documents/Code/pokemon/src/__tests__/e2e/multiplayer-battle-custom-uid.test.ts:37:14)
        at /Users/albertomunoz/Documents/Code/pokemon/src/__tests__/e2e/multiplayer-battle-custom-uid.test.ts:187:11

    attachment #1: screenshot (image/png) ──────────────────────────────────────────────────────────
    ../../../test-results/multiplayer-battle-custom--3325e-attle-flow-with-custom-UIDs-firefox/test-failed-1.png
    ────────────────────────────────────────────────────────────────────────────────────────────────

    attachment #2: screenshot (image/png) ──────────────────────────────────────────────────────────
    ../../../test-results/multiplayer-battle-custom--3325e-attle-flow-with-custom-UIDs-firefox/test-failed-2.png
    ────────────────────────────────────────────────────────────────────────────────────────────────

    Error Context: ../../../test-results/multiplayer-battle-custom--3325e-attle-flow-with-custom-UIDs-firefox/error-context.md
]]>
</failure>
<system-out>
<![CDATA[🚀 Setting up multiplayer battle test with custom UIDs
🎯 Target UIDs - Host: testbattle1-cli-uid, Guest: testbattle2-cli-uid
🎮 Starting complete multiplayer battle test with custom UIDs

📝 Step 1: Host creates room
HOST NETWORK: 200 http://localhost:3000/_next/static/chunks/node_modules_%40firebase_auth_dist_esm_d3951ae3._.js
HOST NETWORK: 200 http://localhost:3000/_next/static/chunks/node_modules_%40firebase_firestore_dist_index_esm_af799df8.js
HOST NETWORK: 200 http://localhost:3000/_next/static/chunks/node_modules_%40firebase_database_dist_index_esm_3663ff2c.js
HOST: Download the React DevTools for a better development experience: https://react.dev/link/react-devtools
🔐 Authenticating user: testbattle1@pokemon-battles.test
HOST: [JavaScript Warning: "The resource at “http://localhost:3000/_next/static/media/83afe278b6a6bb3c-s.p.3a6ba036.woff2” preloaded with link preload was not used within a few seconds. Make sure all attributes of the preload tag are set correctly." {file: "http://localhost:3000/lobby" line: 0}]
HOST: [Fast Refresh] rebuilding
🧹 Cleaning up multiplayer battle test

[[ATTACHMENT|multiplayer-battle-custom--3325e-attle-flow-with-custom-UIDs-firefox/test-failed-1.png]]

[[ATTACHMENT|multiplayer-battle-custom--3325e-attle-flow-with-custom-UIDs-firefox/test-failed-2.png]]

[[ATTACHMENT|multiplayer-battle-custom--3325e-attle-flow-with-custom-UIDs-firefox/error-context.md]]
]]>
</system-out>
</testcase>
<testcase name="Multiplayer Battle System with Custom UIDs › Test UID verification in different contexts" classname="multiplayer-battle-custom-uid.test.ts" time="11.748">
<failure message="multiplayer-battle-custom-uid.test.ts:424:7 Test UID verification in different contexts" type="FAILURE">
<![CDATA[  [firefox] › multiplayer-battle-custom-uid.test.ts:424:7 › Multiplayer Battle System with Custom UIDs › Test UID verification in different contexts 

    TimeoutError: page.waitForSelector: Timeout 10000ms exceeded.
    Call log:
      - waiting for locator('[data-testid="auth-modal"]') to be visible


      35 |   
      36 |   // Wait for auth modal to appear
    > 37 |   await page.waitForSelector('[data-testid="auth-modal"]', { timeout: 10000 });
         |              ^
      38 |   
      39 |   // Fill in email and password
      40 |   await page.fill('input[type="email"]', email);
        at authenticateUser (/Users/albertomunoz/Documents/Code/pokemon/src/__tests__/e2e/multiplayer-battle-custom-uid.test.ts:37:14)
        at /Users/albertomunoz/Documents/Code/pokemon/src/__tests__/e2e/multiplayer-battle-custom-uid.test.ts:430:11

    attachment #1: screenshot (image/png) ──────────────────────────────────────────────────────────
    ../../../test-results/multiplayer-battle-custom--4ad5a-ation-in-different-contexts-firefox/test-failed-1.png
    ────────────────────────────────────────────────────────────────────────────────────────────────

    attachment #2: screenshot (image/png) ──────────────────────────────────────────────────────────
    ../../../test-results/multiplayer-battle-custom--4ad5a-ation-in-different-contexts-firefox/test-failed-2.png
    ────────────────────────────────────────────────────────────────────────────────────────────────

    Error Context: ../../../test-results/multiplayer-battle-custom--4ad5a-ation-in-different-contexts-firefox/error-context.md
]]>
</failure>
<system-out>
<![CDATA[🚀 Setting up multiplayer battle test with custom UIDs
🎯 Target UIDs - Host: testbattle1-cli-uid, Guest: testbattle2-cli-uid
🔍 Testing UID verification in different contexts
HOST NETWORK: 200 http://localhost:3000/_next/static/chunks/node_modules_%40firebase_auth_dist_esm_d3951ae3._.js
HOST NETWORK: 200 http://localhost:3000/_next/static/chunks/node_modules_%40firebase_firestore_dist_index_esm_af799df8.js
HOST NETWORK: 200 http://localhost:3000/_next/static/chunks/node_modules_%40firebase_database_dist_index_esm_3663ff2c.js
HOST: Download the React DevTools for a better development experience: https://react.dev/link/react-devtools
🔐 Authenticating user: testbattle1@pokemon-battles.test
HOST: [Fast Refresh] rebuilding
HOST: [JavaScript Warning: "The resource at “http://localhost:3000/_next/static/media/83afe278b6a6bb3c-s.p.3a6ba036.woff2” preloaded with link preload was not used within a few seconds. Make sure all attributes of the preload tag are set correctly." {file: "http://localhost:3000/lobby" line: 0}]
🧹 Cleaning up multiplayer battle test

[[ATTACHMENT|multiplayer-battle-custom--4ad5a-ation-in-different-contexts-firefox/test-failed-1.png]]

[[ATTACHMENT|multiplayer-battle-custom--4ad5a-ation-in-different-contexts-firefox/test-failed-2.png]]

[[ATTACHMENT|multiplayer-battle-custom--4ad5a-ation-in-different-contexts-firefox/error-context.md]]
]]>
</system-out>
</testcase>
</testsuite>
<testsuite name="multiplayer-battle-custom-uid.test.ts" timestamp="2025-09-15T01:39:24.229Z" hostname="webkit" tests="2" failures="2" skipped="0" time="29.97" errors="0">
<testcase name="Multiplayer Battle System with Custom UIDs › Complete multiplayer battle flow with custom UIDs" classname="multiplayer-battle-custom-uid.test.ts" time="14.974">
<failure message="multiplayer-battle-custom-uid.test.ts:178:7 Complete multiplayer battle flow with custom UIDs" type="FAILURE">
<![CDATA[  [webkit] › multiplayer-battle-custom-uid.test.ts:178:7 › Multiplayer Battle System with Custom UIDs › Complete multiplayer battle flow with custom UIDs 

    TimeoutError: page.waitForSelector: Timeout 10000ms exceeded.
    Call log:
      - waiting for locator('[data-testid="auth-modal"]') to be visible


      35 |   
      36 |   // Wait for auth modal to appear
    > 37 |   await page.waitForSelector('[data-testid="auth-modal"]', { timeout: 10000 });
         |              ^
      38 |   
      39 |   // Fill in email and password
      40 |   await page.fill('input[type="email"]', email);
        at authenticateUser (/Users/albertomunoz/Documents/Code/pokemon/src/__tests__/e2e/multiplayer-battle-custom-uid.test.ts:37:14)
        at /Users/albertomunoz/Documents/Code/pokemon/src/__tests__/e2e/multiplayer-battle-custom-uid.test.ts:187:11

    attachment #1: screenshot (image/png) ──────────────────────────────────────────────────────────
    ../../../test-results/multiplayer-battle-custom--3325e-attle-flow-with-custom-UIDs-webkit/test-failed-2.png
    ────────────────────────────────────────────────────────────────────────────────────────────────

    attachment #2: screenshot (image/png) ──────────────────────────────────────────────────────────
    ../../../test-results/multiplayer-battle-custom--3325e-attle-flow-with-custom-UIDs-webkit/test-failed-1.png
    ────────────────────────────────────────────────────────────────────────────────────────────────

    Error Context: ../../../test-results/multiplayer-battle-custom--3325e-attle-flow-with-custom-UIDs-webkit/error-context.md
]]>
</failure>
<system-out>
<![CDATA[🚀 Setting up multiplayer battle test with custom UIDs
🎯 Target UIDs - Host: testbattle1-cli-uid, Guest: testbattle2-cli-uid
🎮 Starting complete multiplayer battle test with custom UIDs

📝 Step 1: Host creates room
HOST: Successfully preconnected to https://fonts.gstatic.com/
HOST: Successfully preconnected to https://fonts.googleapis.com/
HOST NETWORK: 200 http://localhost:3000/_next/static/chunks/node_modules_%40firebase_auth_dist_esm_d3951ae3._.js
HOST NETWORK: 200 http://localhost:3000/_next/static/chunks/node_modules_%40firebase_firestore_dist_index_esm_af799df8.js
HOST NETWORK: 200 http://localhost:3000/_next/static/chunks/node_modules_%40firebase_database_dist_index_esm_3663ff2c.js
HOST NETWORK: 200 https://pokemon-battles-86a0d.firebaseapp.com/__/auth/iframe?apiKey=AIzaSyASbdOWHRBH_QAqpjRrp9KyzPWheNuUZmY&appName=%5BDEFAULT%5D&v=12.2.0&eid=p&usegapi=1&jsh=m%3B%2F_%2Fscs%2Fabc-static%2F_%2Fjs%2Fk%3Dgapi.lb.en.PLtFj_-5DjQ.O%2Fd%3D1%2Frs%3DAHpOoo-J85zQk73PCqZPyWTydWEIq3_4KA%2Fm%3D__features__
HOST NETWORK: 200 https://pokemon-battles-86a0d.firebaseapp.com/__/auth/iframe.js
🔐 Authenticating user: testbattle1@pokemon-battles.test
HOST: [Fast Refresh] rebuilding
HOST: ./src/app/battle/runtime/page.tsx:2339:15
Parsing ecmascript source code failed
  2337 |                 </div>
  2338 |               </div>
> 2339 |             </div>
       |               ^^^^
  2340 |             
  2341 |             {/* Health Bar */}
  2342 |             <div className="mb-2">

Expression expected

Import traces:
  Client Component Browser:
    ./src/app/battle/runtime/page.tsx [Client Component Browser]
    ./src/app/battle/runtime/page.tsx [Server Component]

  Client Component SSR:
    ./src/app/battle/runtime/page.tsx [Client Component SSR]
    ./src/app/battle/runtime/page.tsx [Server Component]
HOST: {file: undefined}
HOST: [Fast Refresh] rebuilding
🧹 Cleaning up multiplayer battle test
HOST: ./src/app/battle/runtime/page.tsx:2317:19
Parsing ecmascript source code failed
  2315 |                     </div>
  2316 |                   )}
> 2317 |                 </div>
       |                   ^^^^
  2318 |                 <div className="relative w-24 h-24 flex items-center justify-end">
  2319 |                   <Image
  2320 |                     src={opponent.pokemon.sprites.front_default || opponent.pokemon.sprites.front_shiny || '/placeholder-pokemon.png'}

Expression expected

Import traces:
  Client Component Browser:
    ./src/app/battle/runtime/page.tsx [Client Component Browser]
    ./src/app/battle/runtime/page.tsx [Server Component]

  Client Component SSR:
    ./src/app/battle/runtime/page.tsx [Client Component SSR]
    ./src/app/battle/runtime/page.tsx [Server Component]
HOST: {file: undefined}

[[ATTACHMENT|multiplayer-battle-custom--3325e-attle-flow-with-custom-UIDs-webkit/test-failed-2.png]]

[[ATTACHMENT|multiplayer-battle-custom--3325e-attle-flow-with-custom-UIDs-webkit/test-failed-1.png]]

[[ATTACHMENT|multiplayer-battle-custom--3325e-attle-flow-with-custom-UIDs-webkit/error-context.md]]
]]>
</system-out>
</testcase>
<testcase name="Multiplayer Battle System with Custom UIDs › Test UID verification in different contexts" classname="multiplayer-battle-custom-uid.test.ts" time="14.996">
<failure message="multiplayer-battle-custom-uid.test.ts:424:7 Test UID verification in different contexts" type="FAILURE">
<![CDATA[  [webkit] › multiplayer-battle-custom-uid.test.ts:424:7 › Multiplayer Battle System with Custom UIDs › Test UID verification in different contexts 

    TimeoutError: page.waitForSelector: Timeout 10000ms exceeded.
    Call log:
      - waiting for locator('[data-testid="auth-modal"]') to be visible


      35 |   
      36 |   // Wait for auth modal to appear
    > 37 |   await page.waitForSelector('[data-testid="auth-modal"]', { timeout: 10000 });
         |              ^
      38 |   
      39 |   // Fill in email and password
      40 |   await page.fill('input[type="email"]', email);
        at authenticateUser (/Users/albertomunoz/Documents/Code/pokemon/src/__tests__/e2e/multiplayer-battle-custom-uid.test.ts:37:14)
        at /Users/albertomunoz/Documents/Code/pokemon/src/__tests__/e2e/multiplayer-battle-custom-uid.test.ts:430:11

    attachment #1: screenshot (image/png) ──────────────────────────────────────────────────────────
    ../../../test-results/multiplayer-battle-custom--4ad5a-ation-in-different-contexts-webkit/test-failed-2.png
    ────────────────────────────────────────────────────────────────────────────────────────────────

    attachment #2: screenshot (image/png) ──────────────────────────────────────────────────────────
    ../../../test-results/multiplayer-battle-custom--4ad5a-ation-in-different-contexts-webkit/test-failed-1.png
    ────────────────────────────────────────────────────────────────────────────────────────────────

    Error Context: ../../../test-results/multiplayer-battle-custom--4ad5a-ation-in-different-contexts-webkit/error-context.md
]]>
</failure>
<system-out>
<![CDATA[🚀 Setting up multiplayer battle test with custom UIDs
🎯 Target UIDs - Host: testbattle1-cli-uid, Guest: testbattle2-cli-uid
🔍 Testing UID verification in different contexts
HOST: Successfully preconnected to https://fonts.gstatic.com/
HOST: Successfully preconnected to https://fonts.googleapis.com/
HOST NETWORK: 200 http://localhost:3000/_next/static/chunks/node_modules_%40firebase_auth_dist_esm_d3951ae3._.js
HOST NETWORK: 200 http://localhost:3000/_next/static/chunks/node_modules_%40firebase_firestore_dist_index_esm_af799df8.js
HOST NETWORK: 200 http://localhost:3000/_next/static/chunks/node_modules_%40firebase_database_dist_index_esm_3663ff2c.js
HOST NETWORK: 200 https://pokemon-battles-86a0d.firebaseapp.com/__/auth/iframe?apiKey=AIzaSyASbdOWHRBH_QAqpjRrp9KyzPWheNuUZmY&appName=%5BDEFAULT%5D&v=12.2.0&eid=p&usegapi=1&jsh=m%3B%2F_%2Fscs%2Fabc-static%2F_%2Fjs%2Fk%3Dgapi.lb.en.PLtFj_-5DjQ.O%2Fd%3D1%2Frs%3DAHpOoo-J85zQk73PCqZPyWTydWEIq3_4KA%2Fm%3D__features__
HOST NETWORK: 200 https://pokemon-battles-86a0d.firebaseapp.com/__/auth/iframe.js
🔐 Authenticating user: testbattle1@pokemon-battles.test
HOST: [Fast Refresh] rebuilding
HOST: ./src/app/battle/runtime/page.tsx:2339:15
Parsing ecmascript source code failed
  2337 |                 </div>
  2338 |               </div>
> 2339 |             </div>
       |               ^^^^
  2340 |             
  2341 |             {/* Health Bar */}
  2342 |             <div className="mb-2">

Expression expected

Import traces:
  Client Component Browser:
    ./src/app/battle/runtime/page.tsx [Client Component Browser]
    ./src/app/battle/runtime/page.tsx [Server Component]

  Client Component SSR:
    ./src/app/battle/runtime/page.tsx [Client Component SSR]
    ./src/app/battle/runtime/page.tsx [Server Component]
HOST: {file: undefined}
HOST: [Fast Refresh] rebuilding
HOST: ./src/app/battle/runtime/page.tsx:2317:19
Parsing ecmascript source code failed
  2315 |                     </div>
  2316 |                   )}
> 2317 |                 </div>
       |                   ^^^^
  2318 |                 <div className="relative w-24 h-24 flex items-center justify-end">
  2319 |                   <Image
  2320 |                     src={opponent.pokemon.sprites.front_default || opponent.pokemon.sprites.front_shiny || '/placeholder-pokemon.png'}

Expression expected

Import traces:
  Client Component Browser:
    ./src/app/battle/runtime/page.tsx [Client Component Browser]
    ./src/app/battle/runtime/page.tsx [Server Component]

  Client Component SSR:
    ./src/app/battle/runtime/page.tsx [Client Component SSR]
    ./src/app/battle/runtime/page.tsx [Server Component]
HOST: {file: undefined}
🧹 Cleaning up multiplayer battle test

[[ATTACHMENT|multiplayer-battle-custom--4ad5a-ation-in-different-contexts-webkit/test-failed-2.png]]

[[ATTACHMENT|multiplayer-battle-custom--4ad5a-ation-in-different-contexts-webkit/test-failed-1.png]]

[[ATTACHMENT|multiplayer-battle-custom--4ad5a-ation-in-different-contexts-webkit/error-context.md]]
]]>
</system-out>
</testcase>
</testsuite>
<testsuite name="multiplayer-battle-custom-uid.test.ts" timestamp="2025-09-15T01:39:24.229Z" hostname="Mobile Chrome" tests="2" failures="2" skipped="0" time="24.806" errors="0">
<testcase name="Multiplayer Battle System with Custom UIDs › Complete multiplayer battle flow with custom UIDs" classname="multiplayer-battle-custom-uid.test.ts" time="12.609">
<failure message="multiplayer-battle-custom-uid.test.ts:178:7 Complete multiplayer battle flow with custom UIDs" type="FAILURE">
<![CDATA[  [Mobile Chrome] › multiplayer-battle-custom-uid.test.ts:178:7 › Multiplayer Battle System with Custom UIDs › Complete multiplayer battle flow with custom UIDs 

    TimeoutError: page.waitForSelector: Timeout 10000ms exceeded.
    Call log:
      - waiting for locator('[data-testid="auth-modal"]') to be visible


      35 |   
      36 |   // Wait for auth modal to appear
    > 37 |   await page.waitForSelector('[data-testid="auth-modal"]', { timeout: 10000 });
         |              ^
      38 |   
      39 |   // Fill in email and password
      40 |   await page.fill('input[type="email"]', email);
        at authenticateUser (/Users/albertomunoz/Documents/Code/pokemon/src/__tests__/e2e/multiplayer-battle-custom-uid.test.ts:37:14)
        at /Users/albertomunoz/Documents/Code/pokemon/src/__tests__/e2e/multiplayer-battle-custom-uid.test.ts:187:11

    attachment #1: screenshot (image/png) ──────────────────────────────────────────────────────────
    ../../../test-results/multiplayer-battle-custom--3325e-attle-flow-with-custom-UIDs-Mobile-Chrome/test-failed-2.png
    ────────────────────────────────────────────────────────────────────────────────────────────────

    attachment #2: screenshot (image/png) ──────────────────────────────────────────────────────────
    ../../../test-results/multiplayer-battle-custom--3325e-attle-flow-with-custom-UIDs-Mobile-Chrome/test-failed-1.png
    ────────────────────────────────────────────────────────────────────────────────────────────────

    Error Context: ../../../test-results/multiplayer-battle-custom--3325e-attle-flow-with-custom-UIDs-Mobile-Chrome/error-context.md
]]>
</failure>
<system-out>
<![CDATA[🚀 Setting up multiplayer battle test with custom UIDs
🎯 Target UIDs - Host: testbattle1-cli-uid, Guest: testbattle2-cli-uid
🎮 Starting complete multiplayer battle test with custom UIDs

📝 Step 1: Host creates room
HOST NETWORK: 200 http://localhost:3000/_next/static/chunks/node_modules_%40firebase_auth_dist_esm_d3951ae3._.js
HOST NETWORK: 200 http://localhost:3000/_next/static/chunks/node_modules_%40firebase_database_dist_index_esm_3663ff2c.js
HOST NETWORK: 200 http://localhost:3000/_next/static/chunks/node_modules_%40firebase_firestore_dist_index_esm_af799df8.js
HOST: %cDownload the React DevTools for a better development experience: https://react.dev/link/react-devtools font-weight:bold
HOST NETWORK: 200 https://pokemon-battles-86a0d.firebaseapp.com/__/auth/iframe?apiKey=AIzaSyASbdOWHRBH_QAqpjRrp9KyzPWheNuUZmY&appName=%5BDEFAULT%5D&v=12.2.0&eid=p&usegapi=1&jsh=m%3B%2F_%2Fscs%2Fabc-static%2F_%2Fjs%2Fk%3Dgapi.lb.en.PLtFj_-5DjQ.O%2Fd%3D1%2Frs%3DAHpOoo-J85zQk73PCqZPyWTydWEIq3_4KA%2Fm%3D__features__
HOST NETWORK: 200 https://pokemon-battles-86a0d.firebaseapp.com/__/auth/iframe.js
🔐 Authenticating user: testbattle1@pokemon-battles.test
HOST: [Fast Refresh] rebuilding
HOST: ./src/app/battle/runtime/page.tsx:2339:15
Parsing ecmascript source code failed
  2337 |                 </div>
  2338 |               </div>
> 2339 |             </div>
       |               ^^^^
  2340 |             
  2341 |             {/* Health Bar */}
  2342 |             <div className="mb-2">

Expression expected

Import traces:
  Client Component Browser:
    ./src/app/battle/runtime/page.tsx [Client Component Browser]
    ./src/app/battle/runtime/page.tsx [Server Component]

  Client Component SSR:
    ./src/app/battle/runtime/page.tsx [Client Component SSR]
    ./src/app/battle/runtime/page.tsx [Server Component]
HOST: {file: Object}
HOST: [Fast Refresh] rebuilding
HOST: ./src/app/battle/runtime/page.tsx:2317:19
Parsing ecmascript source code failed
  2315 |                     </div>
  2316 |                   )}
> 2317 |                 </div>
       |                   ^^^^
  2318 |                 <div className="relative w-24 h-24 flex items-center justify-end">
  2319 |                   <Image
  2320 |                     src={opponent.pokemon.sprites.front_default || opponent.pokemon.sprites.front_shiny || '/placeholder-pokemon.png'}

Expression expected

Import traces:
  Client Component Browser:
    ./src/app/battle/runtime/page.tsx [Client Component Browser]
    ./src/app/battle/runtime/page.tsx [Server Component]

  Client Component SSR:
    ./src/app/battle/runtime/page.tsx [Client Component SSR]
    ./src/app/battle/runtime/page.tsx [Server Component]
HOST: {file: Object}
HOST: ./src/app/battle/runtime/page.tsx:2317:19
Parsing ecmascript source code failed
  2315 |                     </div>
  2316 |                   )}
> 2317 |                 </div>
       |                   ^^^^
  2318 |                 <div className="relative w-24 h-24 flex items-center justify-end">
  2319 |                   <Image
  2320 |                     src={opponent.pokemon.sprites.front_default || opponent.pokemon.sprites.front_shiny || '/placeholder-pokemon.png'}

Expression expected

Import traces:
  Client Component Browser:
    ./src/app/battle/runtime/page.tsx [Client Component Browser]
    ./src/app/battle/runtime/page.tsx [Server Component]

  Client Component SSR:
    ./src/app/battle/runtime/page.tsx [Client Component SSR]
    ./src/app/battle/runtime/page.tsx [Server Component]
HOST: [Fast Refresh] rebuilding
HOST: ./src/app/battle/runtime/page.tsx:2317:19
Parsing ecmascript source code failed
  2315 |                     </div>
  2316 |                   )}
> 2317 |                 </div>
       |                   ^^^^
  2318 |                 <div className="relative w-24 h-24 flex items-center justify-end">
  2319 |                   <Image
  2320 |                     src={opponent.pokemon.sprites.front_default || opponent.pokemon.sprites.front_shiny || '/placeholder-pokemon.png'}

Expression expected

Import traces:
  Client Component Browser:
    ./src/app/battle/runtime/page.tsx [Client Component Browser]
    ./src/app/battle/runtime/page.tsx [Server Component]

  Client Component SSR:
    ./src/app/battle/runtime/page.tsx [Client Component SSR]
    ./src/app/battle/runtime/page.tsx [Server Component]
🧹 Cleaning up multiplayer battle test

[[ATTACHMENT|multiplayer-battle-custom--3325e-attle-flow-with-custom-UIDs-Mobile-Chrome/test-failed-2.png]]

[[ATTACHMENT|multiplayer-battle-custom--3325e-attle-flow-with-custom-UIDs-Mobile-Chrome/test-failed-1.png]]

[[ATTACHMENT|multiplayer-battle-custom--3325e-attle-flow-with-custom-UIDs-Mobile-Chrome/error-context.md]]
]]>
</system-out>
</testcase>
<testcase name="Multiplayer Battle System with Custom UIDs › Test UID verification in different contexts" classname="multiplayer-battle-custom-uid.test.ts" time="12.197">
<failure message="multiplayer-battle-custom-uid.test.ts:424:7 Test UID verification in different contexts" type="FAILURE">
<![CDATA[  [Mobile Chrome] › multiplayer-battle-custom-uid.test.ts:424:7 › Multiplayer Battle System with Custom UIDs › Test UID verification in different contexts 

    TimeoutError: page.waitForSelector: Timeout 10000ms exceeded.
    Call log:
      - waiting for locator('[data-testid="auth-modal"]') to be visible


      35 |   
      36 |   // Wait for auth modal to appear
    > 37 |   await page.waitForSelector('[data-testid="auth-modal"]', { timeout: 10000 });
         |              ^
      38 |   
      39 |   // Fill in email and password
      40 |   await page.fill('input[type="email"]', email);
        at authenticateUser (/Users/albertomunoz/Documents/Code/pokemon/src/__tests__/e2e/multiplayer-battle-custom-uid.test.ts:37:14)
        at /Users/albertomunoz/Documents/Code/pokemon/src/__tests__/e2e/multiplayer-battle-custom-uid.test.ts:430:11

    attachment #1: screenshot (image/png) ──────────────────────────────────────────────────────────
    ../../../test-results/multiplayer-battle-custom--4ad5a-ation-in-different-contexts-Mobile-Chrome/test-failed-2.png
    ────────────────────────────────────────────────────────────────────────────────────────────────

    attachment #2: screenshot (image/png) ──────────────────────────────────────────────────────────
    ../../../test-results/multiplayer-battle-custom--4ad5a-ation-in-different-contexts-Mobile-Chrome/test-failed-1.png
    ────────────────────────────────────────────────────────────────────────────────────────────────

    Error Context: ../../../test-results/multiplayer-battle-custom--4ad5a-ation-in-different-contexts-Mobile-Chrome/error-context.md
]]>
</failure>
<system-out>
<![CDATA[🚀 Setting up multiplayer battle test with custom UIDs
🎯 Target UIDs - Host: testbattle1-cli-uid, Guest: testbattle2-cli-uid
🔍 Testing UID verification in different contexts
HOST NETWORK: 200 http://localhost:3000/_next/static/chunks/node_modules_%40firebase_auth_dist_esm_d3951ae3._.js
HOST NETWORK: 200 http://localhost:3000/_next/static/chunks/node_modules_%40firebase_database_dist_index_esm_3663ff2c.js
HOST NETWORK: 200 http://localhost:3000/_next/static/chunks/node_modules_%40firebase_firestore_dist_index_esm_af799df8.js
HOST: %cDownload the React DevTools for a better development experience: https://react.dev/link/react-devtools font-weight:bold
HOST NETWORK: 200 https://pokemon-battles-86a0d.firebaseapp.com/__/auth/iframe?apiKey=AIzaSyASbdOWHRBH_QAqpjRrp9KyzPWheNuUZmY&appName=%5BDEFAULT%5D&v=12.2.0&eid=p&usegapi=1&jsh=m%3B%2F_%2Fscs%2Fabc-static%2F_%2Fjs%2Fk%3Dgapi.lb.en.PLtFj_-5DjQ.O%2Fd%3D1%2Frs%3DAHpOoo-J85zQk73PCqZPyWTydWEIq3_4KA%2Fm%3D__features__
HOST NETWORK: 200 https://pokemon-battles-86a0d.firebaseapp.com/__/auth/iframe.js
🔐 Authenticating user: testbattle1@pokemon-battles.test
HOST: [Fast Refresh] rebuilding
HOST: ./src/app/battle/runtime/page.tsx:2339:15
Parsing ecmascript source code failed
  2337 |                 </div>
  2338 |               </div>
> 2339 |             </div>
       |               ^^^^
  2340 |             
  2341 |             {/* Health Bar */}
  2342 |             <div className="mb-2">

Expression expected

Import traces:
  Client Component Browser:
    ./src/app/battle/runtime/page.tsx [Client Component Browser]
    ./src/app/battle/runtime/page.tsx [Server Component]

  Client Component SSR:
    ./src/app/battle/runtime/page.tsx [Client Component SSR]
    ./src/app/battle/runtime/page.tsx [Server Component]
HOST: {file: Object}
HOST: [Fast Refresh] rebuilding
HOST: ./src/app/battle/runtime/page.tsx:2317:19
Parsing ecmascript source code failed
  2315 |                     </div>
  2316 |                   )}
> 2317 |                 </div>
       |                   ^^^^
  2318 |                 <div className="relative w-24 h-24 flex items-center justify-end">
  2319 |                   <Image
  2320 |                     src={opponent.pokemon.sprites.front_default || opponent.pokemon.sprites.front_shiny || '/placeholder-pokemon.png'}

Expression expected

Import traces:
  Client Component Browser:
    ./src/app/battle/runtime/page.tsx [Client Component Browser]
    ./src/app/battle/runtime/page.tsx [Server Component]

  Client Component SSR:
    ./src/app/battle/runtime/page.tsx [Client Component SSR]
    ./src/app/battle/runtime/page.tsx [Server Component]
HOST: {file: Object}
HOST: ./src/app/battle/runtime/page.tsx:2317:19
Parsing ecmascript source code failed
  2315 |                     </div>
  2316 |                   )}
> 2317 |                 </div>
       |                   ^^^^
  2318 |                 <div className="relative w-24 h-24 flex items-center justify-end">
  2319 |                   <Image
  2320 |                     src={opponent.pokemon.sprites.front_default || opponent.pokemon.sprites.front_shiny || '/placeholder-pokemon.png'}

Expression expected

Import traces:
  Client Component Browser:
    ./src/app/battle/runtime/page.tsx [Client Component Browser]
    ./src/app/battle/runtime/page.tsx [Server Component]

  Client Component SSR:
    ./src/app/battle/runtime/page.tsx [Client Component SSR]
    ./src/app/battle/runtime/page.tsx [Server Component]
HOST: [Fast Refresh] rebuilding
🧹 Cleaning up multiplayer battle test

[[ATTACHMENT|multiplayer-battle-custom--4ad5a-ation-in-different-contexts-Mobile-Chrome/test-failed-2.png]]

[[ATTACHMENT|multiplayer-battle-custom--4ad5a-ation-in-different-contexts-Mobile-Chrome/test-failed-1.png]]

[[ATTACHMENT|multiplayer-battle-custom--4ad5a-ation-in-different-contexts-Mobile-Chrome/error-context.md]]
]]>
</system-out>
</testcase>
</testsuite>
<testsuite name="multiplayer-battle-custom-uid.test.ts" timestamp="2025-09-15T01:39:24.229Z" hostname="Mobile Safari" tests="2" failures="2" skipped="0" time="25.637" errors="0">
<testcase name="Multiplayer Battle System with Custom UIDs › Complete multiplayer battle flow with custom UIDs" classname="multiplayer-battle-custom-uid.test.ts" time="12.815">
<failure message="multiplayer-battle-custom-uid.test.ts:178:7 Complete multiplayer battle flow with custom UIDs" type="FAILURE">
<![CDATA[  [Mobile Safari] › multiplayer-battle-custom-uid.test.ts:178:7 › Multiplayer Battle System with Custom UIDs › Complete multiplayer battle flow with custom UIDs 

    TimeoutError: page.waitForSelector: Timeout 10000ms exceeded.
    Call log:
      - waiting for locator('[data-testid="auth-modal"]') to be visible
        - waiting for" http://localhost:3000/lobby" navigation to finish...
        - navigated to "http://localhost:3000/lobby"


      35 |   
      36 |   // Wait for auth modal to appear
    > 37 |   await page.waitForSelector('[data-testid="auth-modal"]', { timeout: 10000 });
         |              ^
      38 |   
      39 |   // Fill in email and password
      40 |   await page.fill('input[type="email"]', email);
        at authenticateUser (/Users/albertomunoz/Documents/Code/pokemon/src/__tests__/e2e/multiplayer-battle-custom-uid.test.ts:37:14)
        at /Users/albertomunoz/Documents/Code/pokemon/src/__tests__/e2e/multiplayer-battle-custom-uid.test.ts:187:11

    attachment #1: screenshot (image/png) ──────────────────────────────────────────────────────────
    ../../../test-results/multiplayer-battle-custom--3325e-attle-flow-with-custom-UIDs-Mobile-Safari/test-failed-2.png
    ────────────────────────────────────────────────────────────────────────────────────────────────

    attachment #2: screenshot (image/png) ──────────────────────────────────────────────────────────
    ../../../test-results/multiplayer-battle-custom--3325e-attle-flow-with-custom-UIDs-Mobile-Safari/test-failed-1.png
    ────────────────────────────────────────────────────────────────────────────────────────────────

    Error Context: ../../../test-results/multiplayer-battle-custom--3325e-attle-flow-with-custom-UIDs-Mobile-Safari/error-context.md
]]>
</failure>
<system-out>
<![CDATA[🚀 Setting up multiplayer battle test with custom UIDs
🎯 Target UIDs - Host: testbattle1-cli-uid, Guest: testbattle2-cli-uid
🎮 Starting complete multiplayer battle test with custom UIDs

📝 Step 1: Host creates room
HOST: Failed to load resource: the server responded with a status of 500 (Internal Server Error)
HOST: [HMR] connected
HOST: ./src/app/battle/runtime/page.tsx:2317:19
Parsing ecmascript source code failed
  2315 |                     </div>
  2316 |                   )}
> 2317 |                 </div>
       |                   ^^^^
  2318 |                 <div className="relative w-24 h-24 flex items-center justify-end">
  2319 |                   <Image
  2320 |                     src={opponent.pokemon.sprites.front_default || opponent.pokemon.sprites.front_shiny || '/placeholder-pokemon.png'}

Expression expected

Import traces:
  Client Component Browser:
    ./src/app/battle/runtime/page.tsx [Client Component Browser]
    ./src/app/battle/runtime/page.tsx [Server Component]

  Client Component SSR:
    ./src/app/battle/runtime/page.tsx [Client Component SSR]
    ./src/app/battle/runtime/page.tsx [Server Component]
HOST: {file: undefined}
HOST: 
HOST: ./src/app/battle/runtime/page.tsx:2317:19
Parsing ecmascript source code failed
  2315 |                     </div>
  2316 |                   )}
> 2317 |                 </div>
       |                   ^^^^
  2318 |                 <div className="relative w-24 h-24 flex items-center justify-end">
  2319 |                   <Image
  2320 |                     src={opponent.pokemon.sprites.front_default || opponent.pokemon.sprites.front_shiny || '/placeholder-pokemon.png'}

Expression expected

Import traces:
  Client Component Browser:
    ./src/app/battle/runtime/page.tsx [Client Component Browser]
    ./src/app/battle/runtime/page.tsx [Server Component]

  Client Component SSR:
    ./src/app/battle/runtime/page.tsx [Client Component SSR]
    ./src/app/battle/runtime/page.tsx [Server Component]
HOST: [Fast Refresh] rebuilding
🔐 Authenticating user: testbattle1@pokemon-battles.test
HOST: [Fast Refresh] rebuilding
HOST: 
HOST: ./src/app/battle/runtime/page.tsx:2304:19
Parsing ecmascript source code failed
  2302 |                     </div>
  2303 |                   )}
> 2304 |                 </div>
       |                   ^^^^
  2305 |                 <div className="relative w-24 h-24 flex items-center justify-end">
  2306 |                   <Image
  2307 |                     src={opponent.pokemon.sprites.front_default || opponent.pokemon.sprites.front_shiny || '/placeholder-pokemon.png'}

Expression expected

Import traces:
  Client Component Browser:
    ./src/app/battle/runtime/page.tsx [Client Component Browser]
    ./src/app/battle/runtime/page.tsx [Server Component]

  Client Component SSR:
    ./src/app/battle/runtime/page.tsx [Client Component SSR]
    ./src/app/battle/runtime/page.tsx [Server Component]
HOST: {file: undefined}
HOST: [Fast Refresh] rebuilding
HOST: [Fast Refresh] performing full reload because your application had an unrecoverable error
HOST: 
HOST: [Fast Refresh] done in 616ms
HOST: [Fast Refresh] rebuilding
HOST: [Fast Refresh] done in 346ms
HOST: [Fast Refresh] rebuilding
HOST: [Fast Refresh] done in 178ms
HOST: Successfully preconnected to https://fonts.gstatic.com/
HOST: Successfully preconnected to https://fonts.googleapis.com/
HOST NETWORK: 200 http://localhost:3000/_next/static/chunks/node_modules_%40firebase_auth_dist_esm_d3951ae3._.js
HOST NETWORK: 200 http://localhost:3000/_next/static/chunks/node_modules_%40firebase_firestore_dist_index_esm_af799df8.js
HOST NETWORK: 200 http://localhost:3000/_next/static/chunks/node_modules_%40firebase_database_dist_index_esm_3663ff2c.js
HOST: [Fast Refresh] rebuilding
HOST NETWORK: 200 https://pokemon-battles-86a0d.firebaseapp.com/__/auth/iframe?apiKey=AIzaSyASbdOWHRBH_QAqpjRrp9KyzPWheNuUZmY&appName=%5BDEFAULT%5D&v=12.2.0&eid=p&usegapi=1&jsh=m%3B%2F_%2Fscs%2Fabc-static%2F_%2Fjs%2Fk%3Dgapi.lb.en.PLtFj_-5DjQ.O%2Fd%3D1%2Frs%3DAHpOoo-J85zQk73PCqZPyWTydWEIq3_4KA%2Fm%3D__features__
HOST NETWORK: 200 https://pokemon-battles-86a0d.firebaseapp.com/__/auth/iframe.js
HOST: [Fast Refresh] done in 445ms
🧹 Cleaning up multiplayer battle test

[[ATTACHMENT|multiplayer-battle-custom--3325e-attle-flow-with-custom-UIDs-Mobile-Safari/test-failed-2.png]]

[[ATTACHMENT|multiplayer-battle-custom--3325e-attle-flow-with-custom-UIDs-Mobile-Safari/test-failed-1.png]]

[[ATTACHMENT|multiplayer-battle-custom--3325e-attle-flow-with-custom-UIDs-Mobile-Safari/error-context.md]]
]]>
</system-out>
</testcase>
<testcase name="Multiplayer Battle System with Custom UIDs › Test UID verification in different contexts" classname="multiplayer-battle-custom-uid.test.ts" time="12.822">
<failure message="multiplayer-battle-custom-uid.test.ts:424:7 Test UID verification in different contexts" type="FAILURE">
<![CDATA[  [Mobile Safari] › multiplayer-battle-custom-uid.test.ts:424:7 › Multiplayer Battle System with Custom UIDs › Test UID verification in different contexts 

    TimeoutError: page.waitForSelector: Timeout 10000ms exceeded.
    Call log:
      - waiting for locator('[data-testid="auth-modal"]') to be visible
        - waiting for" http://localhost:3000/lobby" navigation to finish...
        - navigated to "http://localhost:3000/lobby"


      35 |   
      36 |   // Wait for auth modal to appear
    > 37 |   await page.waitForSelector('[data-testid="auth-modal"]', { timeout: 10000 });
         |              ^
      38 |   
      39 |   // Fill in email and password
      40 |   await page.fill('input[type="email"]', email);
        at authenticateUser (/Users/albertomunoz/Documents/Code/pokemon/src/__tests__/e2e/multiplayer-battle-custom-uid.test.ts:37:14)
        at /Users/albertomunoz/Documents/Code/pokemon/src/__tests__/e2e/multiplayer-battle-custom-uid.test.ts:430:11

    attachment #1: screenshot (image/png) ──────────────────────────────────────────────────────────
    ../../../test-results/multiplayer-battle-custom--4ad5a-ation-in-different-contexts-Mobile-Safari/test-failed-2.png
    ────────────────────────────────────────────────────────────────────────────────────────────────

    attachment #2: screenshot (image/png) ──────────────────────────────────────────────────────────
    ../../../test-results/multiplayer-battle-custom--4ad5a-ation-in-different-contexts-Mobile-Safari/test-failed-1.png
    ────────────────────────────────────────────────────────────────────────────────────────────────

    Error Context: ../../../test-results/multiplayer-battle-custom--4ad5a-ation-in-different-contexts-Mobile-Safari/error-context.md
]]>
</failure>
<system-out>
<![CDATA[🚀 Setting up multiplayer battle test with custom UIDs
🎯 Target UIDs - Host: testbattle1-cli-uid, Guest: testbattle2-cli-uid
🔍 Testing UID verification in different contexts
HOST: Failed to load resource: the server responded with a status of 500 (Internal Server Error)
HOST: [HMR] connected
HOST: ./src/app/battle/runtime/page.tsx:2317:19
Parsing ecmascript source code failed
  2315 |                     </div>
  2316 |                   )}
> 2317 |                 </div>
       |                   ^^^^
  2318 |                 <div className="relative w-24 h-24 flex items-center justify-end">
  2319 |                   <Image
  2320 |                     src={opponent.pokemon.sprites.front_default || opponent.pokemon.sprites.front_shiny || '/placeholder-pokemon.png'}

Expression expected

Import traces:
  Client Component Browser:
    ./src/app/battle/runtime/page.tsx [Client Component Browser]
    ./src/app/battle/runtime/page.tsx [Server Component]

  Client Component SSR:
    ./src/app/battle/runtime/page.tsx [Client Component SSR]
    ./src/app/battle/runtime/page.tsx [Server Component]
HOST: {file: undefined}
HOST: 
HOST: ./src/app/battle/runtime/page.tsx:2317:19
Parsing ecmascript source code failed
  2315 |                     </div>
  2316 |                   )}
> 2317 |                 </div>
       |                   ^^^^
  2318 |                 <div className="relative w-24 h-24 flex items-center justify-end">
  2319 |                   <Image
  2320 |                     src={opponent.pokemon.sprites.front_default || opponent.pokemon.sprites.front_shiny || '/placeholder-pokemon.png'}

Expression expected

Import traces:
  Client Component Browser:
    ./src/app/battle/runtime/page.tsx [Client Component Browser]
    ./src/app/battle/runtime/page.tsx [Server Component]

  Client Component SSR:
    ./src/app/battle/runtime/page.tsx [Client Component SSR]
    ./src/app/battle/runtime/page.tsx [Server Component]
HOST: [Fast Refresh] rebuilding
🔐 Authenticating user: testbattle1@pokemon-battles.test
HOST: [Fast Refresh] rebuilding
HOST: 
HOST: ./src/app/battle/runtime/page.tsx:2304:19
Parsing ecmascript source code failed
  2302 |                     </div>
  2303 |                   )}
> 2304 |                 </div>
       |                   ^^^^
  2305 |                 <div className="relative w-24 h-24 flex items-center justify-end">
  2306 |                   <Image
  2307 |                     src={opponent.pokemon.sprites.front_default || opponent.pokemon.sprites.front_shiny || '/placeholder-pokemon.png'}

Expression expected

Import traces:
  Client Component Browser:
    ./src/app/battle/runtime/page.tsx [Client Component Browser]
    ./src/app/battle/runtime/page.tsx [Server Component]

  Client Component SSR:
    ./src/app/battle/runtime/page.tsx [Client Component SSR]
    ./src/app/battle/runtime/page.tsx [Server Component]
HOST: {file: undefined}
HOST: [Fast Refresh] rebuilding
HOST: [Fast Refresh] performing full reload because your application had an unrecoverable error
HOST: 
HOST: [Fast Refresh] done in 607ms
HOST: [Fast Refresh] rebuilding
HOST: [Fast Refresh] done in 346ms
HOST: [Fast Refresh] rebuilding
HOST: [Fast Refresh] done in 177ms
HOST: Successfully preconnected to https://fonts.gstatic.com/
HOST NETWORK: 200 http://localhost:3000/_next/static/chunks/node_modules_%40firebase_auth_dist_esm_d3951ae3._.js
HOST: Successfully preconnected to https://fonts.googleapis.com/
HOST NETWORK: 200 http://localhost:3000/_next/static/chunks/node_modules_%40firebase_firestore_dist_index_esm_af799df8.js
HOST NETWORK: 200 http://localhost:3000/_next/static/chunks/node_modules_%40firebase_database_dist_index_esm_3663ff2c.js
HOST: [Fast Refresh] rebuilding
HOST NETWORK: 200 https://pokemon-battles-86a0d.firebaseapp.com/__/auth/iframe?apiKey=AIzaSyASbdOWHRBH_QAqpjRrp9KyzPWheNuUZmY&appName=%5BDEFAULT%5D&v=12.2.0&eid=p&usegapi=1&jsh=m%3B%2F_%2Fscs%2Fabc-static%2F_%2Fjs%2Fk%3Dgapi.lb.en.PLtFj_-5DjQ.O%2Fd%3D1%2Frs%3DAHpOoo-J85zQk73PCqZPyWTydWEIq3_4KA%2Fm%3D__features__
HOST NETWORK: 200 https://pokemon-battles-86a0d.firebaseapp.com/__/auth/iframe.js
HOST: [Fast Refresh] done in 446ms
🧹 Cleaning up multiplayer battle test

[[ATTACHMENT|multiplayer-battle-custom--4ad5a-ation-in-different-contexts-Mobile-Safari/test-failed-2.png]]

[[ATTACHMENT|multiplayer-battle-custom--4ad5a-ation-in-different-contexts-Mobile-Safari/test-failed-1.png]]

[[ATTACHMENT|multiplayer-battle-custom--4ad5a-ation-in-different-contexts-Mobile-Safari/error-context.md]]
]]>
</system-out>
</testcase>
</testsuite>
</testsuites>